<?xml version="1.0" encoding="UTF-8"?>
<!-- Generated by org.testng.reporters.JUnitXMLReporter -->
<testsuite ignored="0" hostname="LAPTOP-KPRVIQCQ" failures="0" tests="4" name="Surefire test" time="11.737" errors="0" timestamp="19 Aug 2021 12:51:49 GMT">
  <testcase classname="tests.TestBlazeDemo" name="verifyTitleOfHomePage" time="0.008"/>
  <testcase classname="tests.SpaceXapiTest" name="getStatusCode" time="3.547"/>
  <testcase classname="tests.SpaceXapiTest" name="getSpecificIdLaunchDetail" time="2.11"/>
  <testcase classname="tests.TestBlazeDemo" name="verifyFlightBooking" time="3.024"/>
</testsuite> <!-- Surefire test -->
