<?xml version="1.0" encoding="UTF-8"?>
<!-- Generated by org.testng.reporters.JUnitXMLReporter -->
<testsuite ignored="1" hostname="LAPTOP-KPRVIQCQ" failures="0" tests="1" name="Default test" time="6.611" errors="0" timestamp="19 Aug 2021 12:45:00 GMT">
  <testcase classname="tests.TestBlazeDemo" name="verifyFlightBooking" time="2.864"/>
  <testcase classname="tests.TestBlazeDemo" name="verifyTitleOfHomePage" time="0.0">
    <ignored/>
  </testcase> <!-- verifyTitleOfHomePage -->
</testsuite> <!-- Default test -->
